<?xml version="1.0" encoding="UTF-8"?>
<!-- Generated by org.testng.reporters.JUnitReportReporter -->
<testsuite hostname="DESKTOP-B2QSJ40" failures="0" tests="1" name="com.in28minutes.pabeobjects.updatetodo.UpdateTodoBasicTest" time="2.400" errors="0" timestamp="03 Apr 2023 19:21:58 GMT" skipped="0">
  <testcase classname="com.in28minutes.pabeobjects.updatetodo.UpdateTodoBasicTest" name="upadteTodo" time="2.400"/>
</testsuite> <!-- com.in28minutes.pabeobjects.updatetodo.UpdateTodoBasicTest -->
