<?xml version="1.0" encoding="UTF-8"?>
<!-- Generated by org.testng.reporters.JUnitReportReporter -->
<testsuite hostname="DESKTOP-B2QSJ40" failures="0" tests="1" name="com.in28minutes.pabeobjects.updatetodo.TodoBasicTest2" time="1.750" errors="0" timestamp="19 Apr 2023 12:40:13 GMT" skipped="0">
  <testcase classname="com.in28minutes.pabeobjects.updatetodo.TodoBasicTest2" name="loginPageObject" time="1.750"/>
</testsuite> <!-- com.in28minutes.pabeobjects.updatetodo.TodoBasicTest2 -->
